[debug] [2018-11-22T07:14:38.020Z] ----------------------------------------------------------------------
[debug] [2018-11-22T07:14:38.022Z] Command:       C:\Program Files\nodejs\node.exe C:\Users\DE-II\AppData\Roaming\npm\node_modules\firebase-tools\lib\bin\firebase.js serve
[debug] [2018-11-22T07:14:38.022Z] CLI Version:   6.1.1
[debug] [2018-11-22T07:14:38.022Z] Platform:      win32
[debug] [2018-11-22T07:14:38.022Z] Node Version:  v10.13.0
[debug] [2018-11-22T07:14:38.024Z] Time:          Thu Nov 22 2018 14:14:38 GMT+0700 (GMT+07:00)
[debug] [2018-11-22T07:14:38.024Z] ----------------------------------------------------------------------
[debug] 
[debug] [2018-11-22T07:14:38.033Z] > command requires scopes: ["email","openid","https://www.googleapis.com/auth/cloudplatformprojects.readonly","https://www.googleapis.com/auth/firebase","https://www.googleapis.com/auth/cloud-platform"]
[debug] [2018-11-22T07:14:38.034Z] > authorizing via signed-in user
[debug] [2018-11-22T07:14:38.034Z] [iam] checking project project-oswa for permissions ["firebase.projects.get"]
[debug] [2018-11-22T07:14:38.036Z] >>> HTTP REQUEST POST https://cloudresourcemanager.googleapis.com/v1/projects/project-oswa:testIamPermissions  

[debug] [2018-11-22T07:14:39.443Z] <<< HTTP RESPONSE 200
[debug] [2018-11-22T07:14:39.444Z] >>> HTTP REQUEST GET https://cloudresourcemanager.googleapis.com/v1/projects/project-oswa  
 
[debug] [2018-11-22T07:14:40.747Z] <<< HTTP RESPONSE 200
[info] 
[info] === Serving from 'D:\DEV\Individual software\Project-OSWA'...
[info] 
[debug] [2018-11-22T07:14:40.749Z] >>> HTTP REQUEST GET https://mobilesdk-pa.googleapis.com/v1/projects/310719142567/clients/_:getWebAppConfig  
 
[debug] [2018-11-22T07:14:42.235Z] <<< HTTP RESPONSE 200
[info] i  hosting: Serving hosting files from: public
[info] +  hosting: Local server: http://localhost:5000
[info] Shutting down...
